2025-05-11 22:55:27,069 - Starting FIATFEED monitor.
2025-05-11 22:55:27,251 - Found window 'FIATFEED' with PID 7148.
2025-05-11 22:55:27,336 - Found window 'FIATFEED' with PID 7148.
2025-05-11 22:56:07,883 - Monitoring control for updates...
2025-05-11 22:58:25,651 - Extracted headline: DOLLAR UP 0.5% AT 146.20 YEN IN EARLY TRADE AMID US-CHINA TRADE HOPES
2025-05-11 23:00:29,158 - Extracted headline: S&P 500 EMINIS RISE 1.3%, NASDAQ FUTURES UP 1.6% ON US-CHINA TRADE HOPES
2025-05-11 23:01:25,001 - Extracted headline: U.S. 10-YEAR TREASURY FUTURES FALL 9 TICKS, FED FUND FUTURES FURTHER TRIM RATE CUTS
2025-05-11 23:14:04,241 - Extracted headline: U.S. 10-YEAR TREASURY FUTURES FALL 9 TICKS, FED FUND FUTURES FURTHER TRIM RATE CUTS
2025-05-11 23:14:50,029 - Extracted headline: U.S. 10-YEAR TREASURY FUTURES FALL 9 TICKS, FED FUND FUTURES FURTHER TRIM RATE CUTS
2025-05-11 23:46:30,021 - Starting FIATFEED monitor.
2025-05-11 23:46:30,238 - Found window 'FIATFEED' with PID 10328.
2025-05-11 23:46:30,338 - Found window 'FIATFEED' with PID 10328.
2025-05-11 23:47:12,762 - Monitoring control for updates...
2025-05-11 23:51:38,636 - Extracted headline: TRUMP: WILL SIGN ORDER AT WHITE HOUSE AT 9 A.M. ON MONDAY
2025-05-11 23:52:05,616 - Extracted headline: TRUMP: WILL SIGN ORDER AT WHITE HOUSE AT 9 A.M. ON MONDAY
2025-05-12 00:00:02,108 - Extracted headline: TRUMP: WILL SIGN ORDER AT WHITE HOUSE AT 9 A.M. ON MONDAY
2025-05-12 00:02:06,264 - Extracted headline: TRUMP: WILL SIGN ORDER AT WHITE HOUSE AT 9 A.M. ON MONDAY
2025-05-12 00:14:12,754 - Extracted headline: CHINA'S XI JINPING TO OPEN AND DELIVER SPEECH AT CHINA-CELAC FORUM IN BEIJING ON MAY 13 - XINHUA  11 May 2025
2025-05-12 00:15:00,778 - Extracted headline: CHINA'S XI JINPING TO OPEN AND DELIVER SPEECH AT CHINA-CELAC FORUM IN BEIJING ON MAY 13 - XINHUA  11 May 2025
2025-05-12 00:24:14,984 - Extracted headline: CHINA'S XI JINPING TO OPEN AND DELIVER SPEECH AT CHINA-CELAC FORUM IN BEIJING ON MAY 13 - XINHUA  11 May 2025
2025-05-12 00:44:12,105 - Extracted headline: TRUMP: WILL SIGN ORDER AT WHITE HOUSE AT 9 A.M. ON MONDAY
2025-05-12 00:50:02,531 - Extracted headline: JAPAN MARCH UNADJUSTED CURRENT ACCOUNT BALANCE +3,678.1 BLN YEN-MOF (REUTERS POLL: +3678.0 BLN YEN)
2025-05-12 00:50:09,754 - Extracted headline: JAPAN APRIL OUTSTANDING BANK LOANS +2.4% YR/YR -- BOJ
2025-05-12 01:00:02,344 - Extracted headline: SOUTH KOREA MAY 1-10 EXPORTS -23.8% Y/Y - CUSTOMS AGENCY
2025-05-12 01:04:06,335 - Extracted headline: SOUTH KOREA MAY 1-10 EXPORTS -23.8% Y/Y - CUSTOMS AGENCY
2025-05-12 01:14:07,598 - Extracted headline: SOUTH KOREA MAY 1-10 EXPORTS -23.8% Y/Y - CUSTOMS AGENCY
2025-05-12 01:16:39,165 - Extracted headline: EUROSTOXX 50 FUTURES RISE 0.9%, DAX FUTURES UP 0.8%, FTSE FUTURES GAIN 0.4%
2025-05-12 01:26:26,740 - Extracted headline: CHINA PBOC EXPECTED TO SET YUAN MID-POINT AT 7.2429 PER DOLLAR - REUTERS ESTIMATE
2025-05-12 01:29:59,536 - Extracted headline: CHINA PBOC EXPECTED TO SET YUAN MID-POINT AT 7.2429 PER DOLLAR - REUTERS ESTIMATE
2025-05-12 01:38:40,556 - Extracted headline: CHINA PBOC EXPECTED TO SET YUAN MID-POINT AT 7.2429 PER DOLLAR - REUTERS ESTIMATE
2025-05-12 01:41:34,696 - Extracted headline: CHINA PBOC EXPECTED TO SET YUAN MID-POINT AT 7.2429 PER DOLLAR - REUTERS ESTIMATE
2025-05-12 01:56:17,040 - Extracted headline: CHINA PBOC EXPECTED TO SET YUAN MID-POINT AT 7.2429 PER DOLLAR - REUTERS ESTIMATE
2025-05-12 01:56:33,360 - Extracted headline: CHINA PBOC EXPECTED TO SET YUAN MID-POINT AT 7.2429 PER DOLLAR - REUTERS ESTIMATE
2025-05-12 01:56:35,879 - Extracted headline: CHINA PBOC EXPECTED TO SET YUAN MID-POINT AT 7.2429 PER DOLLAR - REUTERS ESTIMATE
2025-05-12 02:00:18,531 - Extracted headline: TAIWAN OVERNIGHT INTERBANK RATE OPENS AT 0.805 PCT (VS 0.805 PCT AT PREVIOUS SESSION OPEN)
2025-05-12 02:07:53,544 - Extracted headline: TAIWAN OVERNIGHT INTERBANK RATE OPENS AT 0.805 PCT (VS 0.805 PCT AT PREVIOUS SESSION OPEN)
2025-05-12 02:08:36,394 - Extracted headline: TAIWAN OVERNIGHT INTERBANK RATE OPENS AT 0.805 PCT (VS 0.805 PCT AT PREVIOUS SESSION OPEN)
2025-05-12 02:09:45,776 - Extracted headline: TAIWAN OVERNIGHT INTERBANK RATE OPENS AT 0.805 PCT (VS 0.805 PCT AT PREVIOUS SESSION OPEN)
2025-05-12 02:09:59,738 - Extracted headline: TAIWAN OVERNIGHT INTERBANK RATE OPENS AT 0.805 PCT (VS 0.805 PCT AT PREVIOUS SESSION OPEN)
2025-05-12 02:15:19,954 - Extracted headline: VIETNAM, RUSSIA AGREE TO QUICKLY NEGOTIATE AND SIGN AGREEMENTS ON BUILDING NUCLEAR POWER PLANTS IN VIETNAM - JOINT STATEMENT
2025-05-12 02:15:21,314 - Extracted headline: PBOC SETS YUAN MID-POINT AT 7.2066 / DLR VS LAST CLOSE 7.2399
